<?xml version="1.0" encoding="UTF-8"?>
<!-- Generated by org.testng.reporters.JUnitXMLReporter -->
<testsuite ignored="0" hostname="DESKTOP-J8NV5FD" failures="1" tests="1" name="Test" time="0.063" errors="0" timestamp="15 Jun 2023 07:31:18 GMT">
  <testcase classname="day20.Demo1" name="testA" time="0.0">
    <failure type="org.testng.TestNGException" message="
Parameter &amp;apos;City&amp;apos; is required by @Test on method testA but has not been marked @Optional or defined
in E:\Workspace\B77\param_java\testng.xml">
      <![CDATA[org.testng.TestNGException: 
Parameter 'City' is required by @Test on method testA but has not been marked @Optional or defined
in E:\Workspace\B77\param_java\testng.xml
... Removed 24 stack frames]]>
    </failure>
  </testcase> <!-- testA -->
</testsuite> <!-- Test -->
